<?xml version="1.0" encoding="UTF-8"?>
<!-- Generated by org.testng.reporters.JUnitReportReporter -->
<testsuite hostname="NBDLH6PY3H2" failures="0" tests="3" name="Test.UserEdit" time="21.140" errors="0" timestamp="2020-01-13T15:50:10 EST" skipped="0">
  <testcase classname="Test.UserEdit" name="Test" time="13.564"/>
  <testcase classname="Test.UserEdit" name="SearchUser" time="3.127"/>
  <testcase classname="Test.UserEdit" name="EditUserDetails" time="4.449"/>
</testsuite> <!-- Test.UserEdit -->
