<?xml version="1.0" encoding="UTF-8"?>
<!-- Generated by org.testng.reporters.JUnitReportReporter -->
<testsuite hostname="NBDLH6PY3H2" failures="0" tests="2" name="Reports.CustomerBilling" time="31.579" errors="0" timestamp="2020-01-13T20:33:47 EST" skipped="0">
  <testcase classname="Reports.CustomerBilling" name="Test" time="18.689"/>
  <testcase classname="Reports.CustomerBilling" name="Customer" time="12.890"/>
</testsuite> <!-- Reports.CustomerBilling -->
