<?xml version="1.0" encoding="UTF-8"?>
<!-- Generated by org.testng.reporters.JUnitReportReporter -->
<testsuite skipped="0" hostname="NBDLDNBZ062" name="Test.Customer" tests="2" failures="0" timestamp="2020-01-16T10:28:42 EST" time="26.426" errors="0">
  <testcase name="Test" time="22.514" classname="Test.Customer"/>
  <testcase name="AddCustomer" time="3.912" classname="Test.Customer"/>
</testsuite> <!-- Test.Customer -->
