<?xml version="1.0" encoding="UTF-8"?>
<!-- Generated by org.testng.reporters.JUnitReportReporter -->
<testsuite skipped="0" hostname="NBDLDNBZ062" name="Test.otaSetup" tests="1" failures="0" timestamp="2020-01-16T16:19:26 EST" time="16.722" errors="0">
  <testcase name="otasetupPg" time="16.722" classname="Test.otaSetup"/>
</testsuite> <!-- Test.otaSetup -->
