<?xml version="1.0" encoding="UTF-8"?>
<!-- Generated by org.testng.reporters.JUnitReportReporter -->
<testsuite hostname="NBDLH6PY3H2" failures="0" tests="2" name="Test.Login" time="8.501" errors="0" timestamp="2019-12-26T22:22:16 EST" skipped="0">
  <testcase classname="Test.Login" name="Login" time="5.391"/>
  <testcase classname="Test.Login" name="Admin" time="3.110"/>
</testsuite> <!-- Test.Login -->
