<?xml version="1.0" encoding="UTF-8"?>
<!-- Generated by org.testng.reporters.JUnitReportReporter -->
<testsuite hostname="NBDLH6PY3H2" failures="0" tests="3" name="Home.Trips" time="105.802" errors="0" timestamp="2020-01-15T15:10:31 EST" skipped="0">
  <testcase classname="Home.Trips" name="Test" time="11.060"/>
  <testcase classname="Home.Trips" name="TripsPage" time="6.658"/>
  <testcase classname="Home.Trips" name="Trip" time="88.084"/>
</testsuite> <!-- Home.Trips -->
