<?xml version="1.0" encoding="UTF-8"?>
<!-- Generated by org.testng.reporters.JUnitReportReporter -->
<testsuite hostname="NBDLH6PY3H2" failures="0" tests="2" name="Reports.LogReports" time="151.161" errors="0" timestamp="2020-01-14T09:06:17 EST" skipped="0">
  <testcase classname="Reports.LogReports" name="Test" time="12.894"/>
  <testcase classname="Reports.LogReports" name="Logs" time="138.267"/>
</testsuite> <!-- Reports.LogReports -->
