<?xml version="1.0" encoding="UTF-8"?>
<!-- Generated by org.testng.reporters.JUnitReportReporter -->
<testsuite hostname="NBDLH6PY3H2" failures="0" tests="3" name="Test.CustomerEdit" time="17.998" errors="0" timestamp="2020-01-13T15:50:10 EST" skipped="0">
  <testcase classname="Test.CustomerEdit" name="Test" time="13.974"/>
  <testcase classname="Test.CustomerEdit" name="Search" time="1.402"/>
  <testcase classname="Test.CustomerEdit" name="EditCustomer" time="2.622"/>
</testsuite> <!-- Test.CustomerEdit -->
