<?xml version="1.0" encoding="UTF-8"?>
<!-- Generated by org.testng.reporters.JUnitReportReporter -->
<testsuite hostname="NBDLH6PY3H2" failures="0" tests="2" name="Test.LoginTest" time="8.530" errors="0" timestamp="2019-12-26T22:24:52 EST" skipped="0">
  <testcase classname="Test.LoginTest" name="Login" time="5.377"/>
  <testcase classname="Test.LoginTest" name="Admin" time="3.153"/>
</testsuite> <!-- Test.LoginTest -->
