<?xml version="1.0" encoding="UTF-8"?>
<!-- Generated by org.testng.reporters.JUnitReportReporter -->
<testsuite hostname="NBDLH6PY3H2" failures="0" tests="3" name="Test.DeviceEdit" time="20.969" errors="0" timestamp="2020-01-13T15:50:10 EST" skipped="0">
  <testcase classname="Test.DeviceEdit" name="Test" time="13.468"/>
  <testcase classname="Test.DeviceEdit" name="SearchDevice" time="2.486"/>
  <testcase classname="Test.DeviceEdit" name="Edit" time="5.015"/>
</testsuite> <!-- Test.DeviceEdit -->
